\BOOKMARK [0][-]{chapter.1}{\376\377\0001\000\040\000C\000l\000a\000s\000s\000\040\000I\000n\000d\000e\000x}{}% 1
\BOOKMARK [1][-]{section.1.1}{\376\377\0001\000.\0001\000\040\000C\000l\000a\000s\000s\000\040\000L\000i\000s\000t}{chapter.1}% 2
\BOOKMARK [0][-]{chapter.2}{\376\377\0002\000\040\000F\000i\000l\000e\000\040\000I\000n\000d\000e\000x}{}% 3
\BOOKMARK [1][-]{section.2.1}{\376\377\0002\000.\0001\000\040\000F\000i\000l\000e\000\040\000L\000i\000s\000t}{chapter.2}% 4
\BOOKMARK [0][-]{chapter.3}{\376\377\0003\000\040\000C\000l\000a\000s\000s\000\040\000D\000o\000c\000u\000m\000e\000n\000t\000a\000t\000i\000o\000n}{}% 5
\BOOKMARK [1][-]{section.3.1}{\376\377\0003\000.\0001\000\040\000c\000o\000o\000\137\000m\000a\000t\000r\000i\000x\000\040\000C\000l\000a\000s\000s\000\040\000R\000e\000f\000e\000r\000e\000n\000c\000e}{chapter.3}% 6
\BOOKMARK [2][-]{subsection.3.1.1}{\376\377\0003\000.\0001\000.\0001\000\040\000M\000e\000m\000b\000e\000r\000\040\000F\000u\000n\000c\000t\000i\000o\000n\000\040\000D\000o\000c\000u\000m\000e\000n\000t\000a\000t\000i\000o\000n}{section.3.1}% 7
\BOOKMARK [3][-]{subsubsection.3.1.1.1}{\376\377\0003\000.\0001\000.\0001\000.\0001\000\040\000m\000a\000t\000v\000e\000c\000\050\000c\000o\000n\000s\000t\000\040\000v\000a\000l\000a\000r\000r\000a\000y\000<\000\040\000d\000o\000u\000b\000l\000e\000\040\000>\000\040\000\046\000x\000,\000\040\000v\000a\000l\000a\000r\000r\000a\000y\000<\000\040\000d\000o\000u\000b\000l\000e\000\040\000>\000\040\000\046\000y\000\051}{subsection.3.1.1}% 8
\BOOKMARK [3][-]{subsubsection.3.1.1.2}{\376\377\0003\000.\0001\000.\0001\000.\0002\000\040\000r\000e\000a\000d\000\137\000c\000o\000o\000\137\000m\000a\000t\000r\000i\000x\000\050\000c\000o\000n\000s\000t\000\040\000c\000h\000a\000r\000\040\000f\000n\000a\000m\000e\000\051}{subsection.3.1.1}% 9
\BOOKMARK [3][-]{subsubsection.3.1.1.3}{\376\377\0003\000.\0001\000.\0001\000.\0003\000\040\000s\000o\000l\000v\000e\000\050\000c\000o\000n\000s\000t\000\040\000v\000a\000l\000a\000r\000r\000a\000y\000<\000\040\000d\000o\000u\000b\000l\000e\000\040\000>\000\040\000\046\000b\000,\000\040\000v\000a\000l\000a\000r\000r\000a\000y\000<\000\040\000d\000o\000u\000b\000l\000e\000\040\000>\000\040\000\046\000x\000\051}{subsection.3.1.1}% 10
\BOOKMARK [2][-]{subsection.3.1.2}{\376\377\0003\000.\0001\000.\0002\000\040\000M\000e\000m\000b\000e\000r\000\040\000D\000a\000t\000a\000\040\000D\000o\000c\000u\000m\000e\000n\000t\000a\000t\000i\000o\000n}{section.3.1}% 11
\BOOKMARK [3][-]{subsubsection.3.1.2.1}{\376\377\0003\000.\0001\000.\0002\000.\0001\000\040\000c\000o\000l}{subsection.3.1.2}% 12
\BOOKMARK [3][-]{subsubsection.3.1.2.2}{\376\377\0003\000.\0001\000.\0002\000.\0002\000\040\000d\000a\000t}{subsection.3.1.2}% 13
\BOOKMARK [3][-]{subsubsection.3.1.2.3}{\376\377\0003\000.\0001\000.\0002\000.\0003\000\040\000n}{subsection.3.1.2}% 14
\BOOKMARK [3][-]{subsubsection.3.1.2.4}{\376\377\0003\000.\0001\000.\0002\000.\0004\000\040\000n\000n\000z}{subsection.3.1.2}% 15
\BOOKMARK [3][-]{subsubsection.3.1.2.5}{\376\377\0003\000.\0001\000.\0002\000.\0005\000\040\000r\000o\000w}{subsection.3.1.2}% 16
\BOOKMARK [1][-]{section.3.2}{\376\377\0003\000.\0002\000\040\000m\000o\000t\000h\000e\000r\000c\000o\000r\000e\000\040\000C\000l\000a\000s\000s\000\040\000R\000e\000f\000e\000r\000e\000n\000c\000e}{chapter.3}% 17
\BOOKMARK [2][-]{subsection.3.2.1}{\376\377\0003\000.\0002\000.\0001\000\040\000D\000e\000t\000a\000i\000l\000e\000d\000\040\000D\000e\000s\000c\000r\000i\000p\000t\000i\000o\000n}{section.3.2}% 18
\BOOKMARK [2][-]{subsection.3.2.2}{\376\377\0003\000.\0002\000.\0002\000\040\000C\000o\000n\000s\000t\000r\000u\000c\000t\000o\000r\000\040\000\046\000\040\000D\000e\000s\000t\000r\000u\000c\000t\000o\000r\000\040\000D\000o\000c\000u\000m\000e\000n\000t\000a\000t\000i\000o\000n}{section.3.2}% 19
\BOOKMARK [3][-]{subsubsection.3.2.2.1}{\376\377\0003\000.\0002\000.\0002\000.\0001\000\040\000m\000o\000t\000h\000e\000r\000c\000o\000r\000e\000\050\000\051}{subsection.3.2.2}% 20
\BOOKMARK [2][-]{subsection.3.2.3}{\376\377\0003\000.\0002\000.\0003\000\040\000M\000e\000m\000b\000e\000r\000\040\000F\000u\000n\000c\000t\000i\000o\000n\000\040\000D\000o\000c\000u\000m\000e\000n\000t\000a\000t\000i\000o\000n}{section.3.2}% 21
\BOOKMARK [3][-]{subsubsection.3.2.3.1}{\376\377\0003\000.\0002\000.\0003\000.\0001\000\040\000a\000d\000d\000\137\000g\000a\000t\000e\000\050\000i\000n\000t\000\040\000g\000a\000t\000e\000N\000u\000m\000,\000\040\000v\000i\000\040\000l\000i\000s\000t\000o\000f\000c\000o\000n\000n\000e\000c\000t\000i\000o\000n\000s\000\051}{subsection.3.2.3}% 22
\BOOKMARK [3][-]{subsubsection.3.2.3.2}{\376\377\0003\000.\0002\000.\0003\000.\0002\000\040\000a\000d\000d\000\137\000l\000o\000c\000a\000t\000i\000o\000n\000\050\000v\000d\000\040\000x\000,\000\040\000v\000d\000\040\000y\000,\000\040\000v\000i\000\040\000g\000a\000t\000e\000k\000e\000y\000s\000,\000\040\000i\000n\000t\000\040\000b\000o\000u\000n\000d\000[\0004\000]\000\051}{subsection.3.2.3}% 23
\BOOKMARK [3][-]{subsubsection.3.2.3.3}{\376\377\0003\000.\0002\000.\0003\000.\0003\000\040\000a\000d\000d\000\137\000n\000e\000t\000\050\000i\000n\000t\000\040\000n\000e\000t\000N\000u\000m\000,\000\040\000i\000n\000t\000\040\000c\000o\000n\000n\000e\000c\000t\000i\000o\000n\000,\000\040\000i\000n\000t\000\040\000g\000a\000t\000e\000o\000r\000p\000a\000d\000\051}{subsection.3.2.3}% 24
\BOOKMARK [3][-]{subsubsection.3.2.3.4}{\376\377\0003\000.\0002\000.\0003\000.\0004\000\040\000a\000d\000d\000\137\000p\000a\000d\000\050\000i\000n\000t\000\040\000p\000a\000d\000N\000u\000m\000,\000\040\000v\000d\000\040\000n\000e\000t\000a\000n\000d\000l\000o\000c\000a\000t\000i\000o\000n\000\051}{subsection.3.2.3}% 25
\BOOKMARK [3][-]{subsubsection.3.2.3.5}{\376\377\0003\000.\0002\000.\0003\000.\0005\000\040\000g\000e\000t\000\137\000g\000a\000t\000e\000c\000o\000n\000n\000e\000c\000t\000i\000o\000n\000s\000\050\000i\000n\000t\000\040\000g\000a\000t\000e\000N\000u\000m\000\051}{subsection.3.2.3}% 26
\BOOKMARK [3][-]{subsubsection.3.2.3.6}{\376\377\0003\000.\0002\000.\0003\000.\0006\000\040\000g\000e\000t\000\137\000g\000a\000t\000e\000C\000o\000o\000r\000d\000s\000\050\000i\000n\000t\000\040\000g\000a\000t\000e\000N\000u\000m\000\051}{subsection.3.2.3}% 27
\BOOKMARK [3][-]{subsubsection.3.2.3.7}{\376\377\0003\000.\0002\000.\0003\000.\0007\000\040\000g\000e\000t\000\137\000g\000a\000t\000e\000K\000e\000y\000s\000\050\000\051}{subsection.3.2.3}% 28
\BOOKMARK [3][-]{subsubsection.3.2.3.8}{\376\377\0003\000.\0002\000.\0003\000.\0008\000\040\000g\000e\000t\000\137\000l\000o\000c\000a\000t\000i\000o\000n\000s\000\050\000v\000i\000\040\000g\000a\000t\000e\000k\000e\000y\000s\000\051}{subsection.3.2.3}% 29
\BOOKMARK [3][-]{subsubsection.3.2.3.9}{\376\377\0003\000.\0002\000.\0003\000.\0009\000\040\000g\000e\000t\000\137\000n\000e\000t\000G\000a\000t\000e\000C\000o\000n\000n\000s\000\050\000i\000n\000t\000\040\000n\000e\000t\000N\000u\000m\000\051}{subsection.3.2.3}% 30
\BOOKMARK [3][-]{subsubsection.3.2.3.10}{\376\377\0003\000.\0002\000.\0003\000.\0001\0000\000\040\000g\000e\000t\000\137\000n\000e\000t\000K\000e\000y\000s\000\050\000\051}{subsection.3.2.3}% 31
\BOOKMARK [3][-]{subsubsection.3.2.3.11}{\376\377\0003\000.\0002\000.\0003\000.\0001\0001\000\040\000g\000e\000t\000\137\000n\000e\000t\000P\000a\000d\000C\000o\000n\000n\000s\000\050\000i\000n\000t\000\040\000n\000e\000t\000N\000u\000m\000\051}{subsection.3.2.3}% 32
\BOOKMARK [3][-]{subsubsection.3.2.3.12}{\376\377\0003\000.\0002\000.\0003\000.\0001\0002\000\040\000g\000e\000t\000\137\000n\000u\000m\000G\000\050\000\051}{subsection.3.2.3}% 33
\BOOKMARK [3][-]{subsubsection.3.2.3.13}{\376\377\0003\000.\0002\000.\0003\000.\0001\0003\000\040\000g\000e\000t\000\137\000n\000u\000m\000N\000\050\000\051}{subsection.3.2.3}% 34
\BOOKMARK [3][-]{subsubsection.3.2.3.14}{\376\377\0003\000.\0002\000.\0003\000.\0001\0004\000\040\000g\000e\000t\000\137\000n\000u\000m\000N\000e\000t\000C\000o\000n\000n\000s\000\050\000i\000n\000t\000\040\000n\000e\000t\000N\000u\000m\000\051}{subsection.3.2.3}% 35
\BOOKMARK [3][-]{subsubsection.3.2.3.15}{\376\377\0003\000.\0002\000.\0003\000.\0001\0005\000\040\000g\000e\000t\000\137\000n\000u\000m\000P\000\050\000\051}{subsection.3.2.3}% 36
\BOOKMARK [3][-]{subsubsection.3.2.3.16}{\376\377\0003\000.\0002\000.\0003\000.\0001\0006\000\040\000g\000e\000t\000\137\000p\000a\000d\000C\000o\000o\000r\000d\000s\000\050\000i\000n\000t\000\040\000p\000a\000d\000N\000u\000m\000\051}{subsection.3.2.3}% 37
\BOOKMARK [3][-]{subsubsection.3.2.3.17}{\376\377\0003\000.\0002\000.\0003\000.\0001\0007\000\040\000g\000e\000t\000\137\000p\000a\000d\000K\000e\000y\000s\000\050\000\051}{subsection.3.2.3}% 38
\BOOKMARK [3][-]{subsubsection.3.2.3.18}{\376\377\0003\000.\0002\000.\0003\000.\0001\0008\000\040\000p\000r\000i\000n\000t\000\137\000a\000l\000l\000\137\000l\000o\000c\000a\000t\000i\000o\000n\000s\000\050\000\051}{subsection.3.2.3}% 39
\BOOKMARK [3][-]{subsubsection.3.2.3.19}{\376\377\0003\000.\0002\000.\0003\000.\0001\0009\000\040\000p\000r\000i\000n\000t\000\137\000a\000l\000l\000\137\000p\000a\000d\000s\000\050\000\051}{subsection.3.2.3}% 40
\BOOKMARK [2][-]{subsection.3.2.4}{\376\377\0003\000.\0002\000.\0004\000\040\000M\000e\000m\000b\000e\000r\000\040\000D\000a\000t\000a\000\040\000D\000o\000c\000u\000m\000e\000n\000t\000a\000t\000i\000o\000n}{section.3.2}% 41
\BOOKMARK [3][-]{subsubsection.3.2.4.1}{\376\377\0003\000.\0002\000.\0004\000.\0001\000\040\000g\000a\000t\000e}{subsection.3.2.4}% 42
\BOOKMARK [3][-]{subsubsection.3.2.4.2}{\376\377\0003\000.\0002\000.\0004\000.\0002\000\040\000g\000a\000t\000e\000X}{subsection.3.2.4}% 43
\BOOKMARK [3][-]{subsubsection.3.2.4.3}{\376\377\0003\000.\0002\000.\0004\000.\0003\000\040\000g\000a\000t\000e\000Y}{subsection.3.2.4}% 44
\BOOKMARK [3][-]{subsubsection.3.2.4.4}{\376\377\0003\000.\0002\000.\0004\000.\0004\000\040\000n\000e\000t\000s}{subsection.3.2.4}% 45
\BOOKMARK [3][-]{subsubsection.3.2.4.5}{\376\377\0003\000.\0002\000.\0004\000.\0005\000\040\000n\000u\000m\000G}{subsection.3.2.4}% 46
\BOOKMARK [3][-]{subsubsection.3.2.4.6}{\376\377\0003\000.\0002\000.\0004\000.\0006\000\040\000n\000u\000m\000N}{subsection.3.2.4}% 47
\BOOKMARK [3][-]{subsubsection.3.2.4.7}{\376\377\0003\000.\0002\000.\0004\000.\0007\000\040\000n\000u\000m\000P}{subsection.3.2.4}% 48
\BOOKMARK [3][-]{subsubsection.3.2.4.8}{\376\377\0003\000.\0002\000.\0004\000.\0008\000\040\000p\000a\000d}{subsection.3.2.4}% 49
\BOOKMARK [0][-]{chapter.4}{\376\377\0004\000\040\000F\000i\000l\000e\000\040\000D\000o\000c\000u\000m\000e\000n\000t\000a\000t\000i\000o\000n}{}% 50
\BOOKMARK [1][-]{section.4.1}{\376\377\0004\000.\0001\000\040\000q\000p\000l\000a\000c\000e\000r\000.\000c\000p\000p\000\040\000F\000i\000l\000e\000\040\000R\000e\000f\000e\000r\000e\000n\000c\000e}{chapter.4}% 51
\BOOKMARK [2][-]{subsection.4.1.1}{\376\377\0004\000.\0001\000.\0001\000\040\000T\000y\000p\000e\000d\000e\000f\000\040\000D\000o\000c\000u\000m\000e\000n\000t\000a\000t\000i\000o\000n}{section.4.1}% 52
\BOOKMARK [3][-]{subsubsection.4.1.1.1}{\376\377\0004\000.\0001\000.\0001\000.\0001\000\040\000v\000d}{subsection.4.1.1}% 53
\BOOKMARK [3][-]{subsubsection.4.1.1.2}{\376\377\0004\000.\0001\000.\0001\000.\0002\000\040\000v\000i}{subsection.4.1.1}% 54
\BOOKMARK [3][-]{subsubsection.4.1.1.3}{\376\377\0004\000.\0001\000.\0001\000.\0003\000\040\000v\000v\000d}{subsection.4.1.1}% 55
\BOOKMARK [3][-]{subsubsection.4.1.1.4}{\376\377\0004\000.\0001\000.\0001\000.\0004\000\040\000v\000v\000i}{subsection.4.1.1}% 56
\BOOKMARK [2][-]{subsection.4.1.2}{\376\377\0004\000.\0001\000.\0002\000\040\000F\000u\000n\000c\000t\000i\000o\000n\000\040\000D\000o\000c\000u\000m\000e\000n\000t\000a\000t\000i\000o\000n}{section.4.1}% 57
\BOOKMARK [3][-]{subsubsection.4.1.2.1}{\376\377\0004\000.\0001\000.\0002\000.\0001\000\040\000a\000s\000s\000i\000g\000n\000\050\000m\000o\000t\000h\000e\000r\000c\000o\000r\000e\000\040\000c\000o\000r\000e\000,\000\040\000v\000i\000\040\000g\000a\000t\000e\000k\000e\000y\000s\000,\000\040\000i\000n\000t\000\040\000h\000O\000R\000v\000\051}{subsection.4.1.2}% 58
\BOOKMARK [3][-]{subsubsection.4.1.2.2}{\376\377\0004\000.\0001\000.\0002\000.\0002\000\040\000c\000o\000n\000t\000a\000i\000n\000N\000r\000u\000n\000\050\000m\000o\000t\000h\000e\000r\000c\000o\000r\000e\000\040\000c\000o\000r\000e\000,\000\040\000v\000i\000\040\000g\000a\000t\000e\000k\000e\000y\000s\000,\000\040\000i\000n\000t\000\040\000b\000o\000u\000n\000d\000[\0004\000]\000,\000\040\000i\000n\000t\000\040\000h\000O\000R\000v\000,\000\040\000i\000n\000t\000\040\000l\000O\000R\000r\000\051}{subsection.4.1.2}% 59
\BOOKMARK [3][-]{subsubsection.4.1.2.3}{\376\377\0004\000.\0001\000.\0002\000.\0003\000\040\000c\000r\000e\000a\000t\000e\000\050\000c\000h\000a\000r\000\040\000f\000i\000l\000e\000n\000a\000m\000e\000\051}{subsection.4.1.2}% 60
\BOOKMARK [3][-]{subsubsection.4.1.2.4}{\376\377\0004\000.\0001\000.\0002\000.\0004\000\040\000m\000a\000i\000n\000\050\000i\000n\000t\000\040\000a\000r\000g\000c\000,\000\040\000c\000h\000a\000r\000\040\000a\000r\000g\000v\000[\000]\000\051}{subsection.4.1.2}% 61
\BOOKMARK [3][-]{subsubsection.4.1.2.5}{\376\377\0004\000.\0001\000.\0002\000.\0005\000\040\000p\000l\000a\000c\000e\000\050\000m\000o\000t\000h\000e\000r\000c\000o\000r\000e\000\040\000c\000o\000r\000e\000,\000\040\000v\000i\000\040\000g\000a\000t\000e\000k\000e\000y\000s\000,\000\040\000i\000n\000t\000\040\000b\000o\000u\000n\000d\000[\0004\000]\000,\000\040\000i\000n\000t\000\040\000n\000\051}{subsection.4.1.2}% 62
\BOOKMARK [3][-]{subsubsection.4.1.2.6}{\376\377\0004\000.\0001\000.\0002\000.\0006\000\040\000s\000o\000l\000v\000e\000\050\000v\000i\000\040\000R\000,\000\040\000v\000i\000\040\000C\000,\000\040\000v\000d\000\040\000V\000,\000\040\000v\000d\000\040\000b\000a\000\051}{subsection.4.1.2}% 63
\BOOKMARK [3][-]{subsubsection.4.1.2.7}{\376\377\0004\000.\0001\000.\0002\000.\0007\000\040\000s\000o\000l\000v\000e\000f\000o\000r\000x\000\050\000m\000o\000t\000h\000e\000r\000c\000o\000r\000e\000\040\000c\000o\000r\000e\000,\000\040\000i\000n\000t\000\040\000b\000o\000u\000n\000d\000[\0004\000]\000\051}{subsection.4.1.2}% 64
\BOOKMARK [3][-]{subsubsection.4.1.2.8}{\376\377\0004\000.\0001\000.\0002\000.\0008\000\040\000u\000p\000d\000a\000t\000e\000\137\000c\000o\000o\000r\000d\000i\000n\000a\000t\000e\000s\000\050\000v\000d\000\040\000p\000a\000d\000l\000o\000c\000a\000t\000i\000o\000n\000,\000\040\000i\000n\000t\000\040\000b\000o\000u\000n\000d\000[\0004\000]\000\051}{subsection.4.1.2}% 65
\BOOKMARK [3][-]{subsubsection.4.1.2.9}{\376\377\0004\000.\0001\000.\0002\000.\0009\000\040\000w\000r\000i\000t\000e\000b\000a\000c\000k\000\050\000m\000o\000t\000h\000e\000r\000c\000o\000r\000e\000\040\000c\000o\000r\000e\000,\000\040\000c\000h\000a\000r\000\040\000f\000i\000l\000e\000n\000a\000m\000e\000\051}{subsection.4.1.2}% 66
\BOOKMARK [3][-]{subsubsection.4.1.2.10}{\376\377\0004\000.\0001\000.\0002\000.\0001\0000\000\040\000w\000r\000i\000t\000e\000b\000a\000c\000k\000p\000a\000d\000s\000\050\000m\000o\000t\000h\000e\000r\000c\000o\000r\000e\000\040\000c\000o\000r\000e\000,\000\040\000c\000h\000a\000r\000\040\000f\000i\000l\000e\000n\000a\000m\000e\000\051}{subsection.4.1.2}% 67
\BOOKMARK [1][-]{section.4.2}{\376\377\0004\000.\0002\000\040\000s\000o\000l\000v\000e\000r\000.\000c\000p\000p\000\040\000F\000i\000l\000e\000\040\000R\000e\000f\000e\000r\000e\000n\000c\000e}{chapter.4}% 68
\BOOKMARK [2][-]{subsection.4.2.1}{\376\377\0004\000.\0002\000.\0001\000\040\000F\000u\000n\000c\000t\000i\000o\000n\000\040\000D\000o\000c\000u\000m\000e\000n\000t\000a\000t\000i\000o\000n}{section.4.2}% 69
\BOOKMARK [3][-]{subsubsection.4.2.1.1}{\376\377\0004\000.\0002\000.\0001\000.\0001\000\040\000d\000o\000t\000\050\000c\000o\000n\000s\000t\000\040\000v\000a\000l\000a\000r\000r\000a\000y\000<\000\040\000d\000o\000u\000b\000l\000e\000\040\000>\000\040\000\046\000x\000,\000\040\000c\000o\000n\000s\000t\000\040\000v\000a\000l\000a\000r\000r\000a\000y\000<\000\040\000d\000o\000u\000b\000l\000e\000\040\000>\000\040\000\046\000y\000\051}{subsection.4.2.1}% 70
\BOOKMARK [1][-]{section.4.3}{\376\377\0004\000.\0003\000\040\000s\000o\000l\000v\000e\000r\000.\000h\000\040\000F\000i\000l\000e\000\040\000R\000e\000f\000e\000r\000e\000n\000c\000e}{chapter.4}% 71
\BOOKMARK [2][-]{subsection.4.3.1}{\376\377\0004\000.\0003\000.\0001\000\040\000F\000u\000n\000c\000t\000i\000o\000n\000\040\000D\000o\000c\000u\000m\000e\000n\000t\000a\000t\000i\000o\000n}{section.4.3}% 72
\BOOKMARK [3][-]{subsubsection.4.3.1.1}{\376\377\0004\000.\0003\000.\0001\000.\0001\000\040\000p\000r\000i\000n\000t\000\137\000v\000a\000l\000a\000r\000r\000a\000y\000\050\000v\000a\000l\000a\000r\000r\000a\000y\000<\000\040\000T\000\040\000>\000\040\000\046\000v\000\051}{subsection.4.3.1}% 73
\BOOKMARK [0][-]{section*.12}{\376\377\000I\000n\000d\000e\000x}{}% 74
